c:\bolide\bolidecmd2017\windowsfwupdate\project\bolide\debug\vc100.pdb
c:\bolide\bolidecmd2017\windowsfwupdate\project\bolide\debug\status.obj
c:\bolide\bolidecmd2017\windowsfwupdate\project\bolide\debug\cmdgridwidget.obj
c:\bolide\bolidecmd2017\windowsfwupdate\project\bolide\debug\fileloaderdialog.obj
c:\bolide\bolidecmd2017\windowsfwupdate\project\bolide\debug\moc_bdhighpasswidget.obj
c:\bolide\bolidecmd2017\windowsfwupdate\project\bolide\debug\moc_comwidget.obj
c:\bolide\bolidecmd2017\windowsfwupdate\project\bolide\debug\moc_updatetrackingdialog.obj
c:\bolide\bolidecmd2017\windowsfwupdate\project\bolide\debug\bdhighpasswidget.obj
c:\bolide\bolidecmd2017\windowsfwupdate\project\bolide\debug\debugwidget.obj
c:\bolide\bolidecmd2017\windowsfwupdate\project\bolide\debug\shortidlist.obj
c:\bolide\bolidecmd2017\windowsfwupdate\project\bolide\debug\moc_bdgroupbox.obj
c:\bolide\bolidecmd2017\windowsfwupdate\project\bolide\debug\moc_cmdgridwidget.obj
c:\bolide\bolidecmd2017\windowsfwupdate\project\bolide\debug\moc_fileloaderdialog.obj
c:\bolide\bolidecmd2017\windowsfwupdate\project\bolide\debug\bdserialport.obj
c:\bolide\bolidecmd2017\windowsfwupdate\project\bolide\debug\consolewidget.obj
c:\bolide\bolidecmd2017\windowsfwupdate\project\bolide\debug\serialportcl.obj
c:\bolide\bolidecmd2017\windowsfwupdate\project\bolide\debug\moc_bdcombobox.obj
c:\bolide\bolidecmd2017\windowsfwupdate\project\bolide\debug\moc_bdrecvaudioproctabwidget.obj
c:\bolide\bolidecmd2017\windowsfwupdate\project\bolide\debug\moc_eclogwidget.obj
c:\bolide\bolidecmd2017\windowsfwupdate\project\bolide\debug\bdparametricequalizerwidget.obj
c:\bolide\bolidecmd2017\windowsfwupdate\project\bolide\debug\eccommandwidget.obj
c:\bolide\bolidecmd2017\windowsfwupdate\project\bolide\debug\moc_bdaboutwidget.obj
c:\bolide\bolidecmd2017\windowsfwupdate\project\bolide\debug\moc_bdlimiterwidget.obj
c:\bolide\bolidecmd2017\windowsfwupdate\project\bolide\debug\moc_debugwidget.obj
c:\bolide\bolidecmd2017\windowsfwupdate\project\bolide\debug\bolide.obj
c:\bolide\bolidecmd2017\windowsfwupdate\project\bolide\debug\fwupdatewidget.obj
c:\bolide\bolidecmd2017\windowsfwupdate\project\bolide\debug\moc_bdenablecombobox.obj
c:\bolide\bolidecmd2017\windowsfwupdate\project\bolide\debug\moc_bdspinbox.obj
c:\bolide\bolidecmd2017\windowsfwupdate\project\bolide\debug\moc_eccommandlogtabwidget.obj
c:\bolide\bolidecmd2017\windowsfwupdate\project\bolide\debug\bdlimiterwidget.obj
c:\bolide\bolidecmd2017\windowsfwupdate\project\bolide\debug\eccommandlogtabwidget.obj
c:\bolide\bolidecmd2017\windowsfwupdate\project\bolide\debug\updatetrackingdialog.obj
c:\bolide\bolidecmd2017\windowsfwupdate\project\bolide\debug\moc_bolide.obj
c:\bolide\bolidecmd2017\windowsfwupdate\project\bolide\debug\moc_fwupdatewidget.obj
c:\bolide\bolidecmd2017\windowsfwupdate\project\bolide\debug\bdaboutwidget.obj
c:\bolide\bolidecmd2017\windowsfwupdate\project\bolide\debug\comwidget.obj
c:\bolide\bolidecmd2017\windowsfwupdate\project\bolide\debug\main.obj
c:\bolide\bolidecmd2017\windowsfwupdate\project\bolide\debug\moc_bdparametricequalizerwidget.obj
c:\bolide\bolidecmd2017\windowsfwupdate\project\bolide\debug\moc_eccommandwidget.obj
c:\bolide\bolidecmd2017\windowsfwupdate\project\bolide\debug\bdrecvaudioproctabwidget.obj
c:\bolide\bolidecmd2017\windowsfwupdate\project\bolide\debug\eclogwidget.obj
c:\bolide\bolidecmd2017\windowsfwupdate\project\bolide\debug\moc_bddoublespinbox.obj
c:\bolide\bolidecmd2017\windowsfwupdate\project\bolide\debug\moc_bdserialport.obj
c:\bolide\bolidecmd2017\windowsfwupdate\project\bolide\debug\moc_consolewidget.obj
c:\bolide\bolidecmd2017\windowsfwupdate\project\bolide\debug\qrc_bolide.obj
c:\bolide\bolidecmd2017\windowsfwupdate\project\bolide\generatedfiles\qrc_bolide.cpp
c:\bolide\bolidecmd2017\windowsfwupdate\project\bolide\generatedfiles\debug\moc_cmdgridwidget.cpp
c:\bolide\bolidecmd2017\windowsfwupdate\project\bolide\generatedfiles\debug\moc_bolide.cpp
c:\bolide\bolidecmd2017\windowsfwupdate\project\bolide\generatedfiles\debug\moc_bdserialport.cpp
c:\bolide\bolidecmd2017\windowsfwupdate\project\bolide\generatedfiles\debug\moc_bdaboutwidget.cpp
c:\bolide\bolidecmd2017\windowsfwupdate\project\bolide\generatedfiles\debug\moc_bdgroupbox.cpp
c:\bolide\bolidecmd2017\windowsfwupdate\project\bolide\generatedfiles\debug\moc_bdlimiterwidget.cpp
c:\bolide\bolidecmd2017\windowsfwupdate\project\bolide\generatedfiles\debug\moc_bdparametricequalizerwidget.cpp
c:\bolide\bolidecmd2017\windowsfwupdate\project\bolide\generatedfiles\debug\moc_bdrecvaudioproctabwidget.cpp
c:\bolide\bolidecmd2017\windowsfwupdate\project\bolide\generatedfiles\debug\moc_bdcombobox.cpp
c:\bolide\bolidecmd2017\windowsfwupdate\project\bolide\generatedfiles\debug\moc_bdenablecombobox.cpp
c:\bolide\bolidecmd2017\windowsfwupdate\project\bolide\generatedfiles\debug\moc_bddoublespinbox.cpp
c:\bolide\bolidecmd2017\windowsfwupdate\project\bolide\generatedfiles\debug\moc_bdspinbox.cpp
c:\bolide\bolidecmd2017\windowsfwupdate\project\bolide\generatedfiles\debug\moc_bdhighpasswidget.cpp
c:\bolide\bolidecmd2017\windowsfwupdate\project\bolide\generatedfiles\debug\moc_eccommandwidget.cpp
c:\bolide\bolidecmd2017\windowsfwupdate\project\bolide\generatedfiles\debug\moc_eccommandlogtabwidget.cpp
c:\bolide\bolidecmd2017\windowsfwupdate\project\bolide\generatedfiles\debug\moc_eclogwidget.cpp
c:\bolide\bolidecmd2017\windowsfwupdate\project\bolide\generatedfiles\debug\moc_updatetrackingdialog.cpp
c:\bolide\bolidecmd2017\windowsfwupdate\project\bolide\generatedfiles\debug\moc_fwupdatewidget.cpp
c:\bolide\bolidecmd2017\windowsfwupdate\project\bolide\generatedfiles\debug\moc_fileloaderdialog.cpp
c:\bolide\bolidecmd2017\windowsfwupdate\project\bolide\generatedfiles\debug\moc_debugwidget.cpp
c:\bolide\bolidecmd2017\windowsfwupdate\project\bolide\generatedfiles\debug\moc_consolewidget.cpp
c:\bolide\bolidecmd2017\windowsfwupdate\project\bolide\generatedfiles\debug\moc_comwidget.cpp
c:\bolide\bolidecmd2017\windowsfwupdate\project\bolide\win32\debug\bolide.ilk
c:\bolide\bolidecmd2017\windowsfwupdate\project\bolide\win32\debug\bolide.exe
c:\bolide\bolidecmd2017\windowsfwupdate\project\bolide\debug\bolide.exe.intermediate.manifest
c:\bolide\bolidecmd2017\windowsfwupdate\project\bolide\win32\debug\bolide.pdb
c:\bolide\bolidecmd2017\windowsfwupdate\project\bolide\debug\bolide.res
c:\bolide\bolidecmd2017\windowsfwupdate\project\bolide\debug\byte_queue.obj
c:\bolide\bolidecmd2017\windowsfwupdate\project\bolide\debug\command_gen_dec.obj
c:\bolide\bolidecmd2017\windowsfwupdate\project\bolide\debug\command_parser.obj
c:\bolide\bolidecmd2017\windowsfwupdate\project\bolide\debug\command_queue.obj
c:\bolide\bolidecmd2017\windowsfwupdate\project\bolide\debug\cl.10488.read.1.tlog
c:\bolide\bolidecmd2017\windowsfwupdate\project\bolide\debug\cl.10488.write.1.tlog
c:\bolide\bolidecmd2017\windowsfwupdate\project\bolide\debug\cl.10804.read.1.tlog
c:\bolide\bolidecmd2017\windowsfwupdate\project\bolide\debug\cl.10804.write.1.tlog
c:\bolide\bolidecmd2017\windowsfwupdate\project\bolide\debug\cl.11580.read.1.tlog
c:\bolide\bolidecmd2017\windowsfwupdate\project\bolide\debug\cl.11580.write.1.tlog
c:\bolide\bolidecmd2017\windowsfwupdate\project\bolide\debug\cl.3460.read.1.tlog
c:\bolide\bolidecmd2017\windowsfwupdate\project\bolide\debug\cl.3460.write.1.tlog
c:\bolide\bolidecmd2017\windowsfwupdate\project\bolide\debug\cl.3864.read.1.tlog
c:\bolide\bolidecmd2017\windowsfwupdate\project\bolide\debug\cl.3864.write.1.tlog
c:\bolide\bolidecmd2017\windowsfwupdate\project\bolide\debug\cl.4596.read.1.tlog
c:\bolide\bolidecmd2017\windowsfwupdate\project\bolide\debug\cl.4596.write.1.tlog
c:\bolide\bolidecmd2017\windowsfwupdate\project\bolide\debug\cl.6704.read.1.tlog
c:\bolide\bolidecmd2017\windowsfwupdate\project\bolide\debug\cl.6704.write.1.tlog
c:\bolide\bolidecmd2017\windowsfwupdate\project\bolide\debug\cl.7780.read.1.tlog
c:\bolide\bolidecmd2017\windowsfwupdate\project\bolide\debug\cl.7780.write.1.tlog
c:\bolide\bolidecmd2017\windowsfwupdate\project\bolide\debug\cl.8032.read.1.tlog
c:\bolide\bolidecmd2017\windowsfwupdate\project\bolide\debug\cl.8032.write.1.tlog
c:\bolide\bolidecmd2017\windowsfwupdate\project\bolide\debug\cl.8800.read.1.tlog
c:\bolide\bolidecmd2017\windowsfwupdate\project\bolide\debug\cl.8800.write.1.tlog
c:\bolide\bolidecmd2017\windowsfwupdate\project\bolide\debug\cl.9040.read.1.tlog
c:\bolide\bolidecmd2017\windowsfwupdate\project\bolide\debug\cl.9040.write.1.tlog
c:\bolide\bolidecmd2017\windowsfwupdate\project\bolide\debug\cl.9340.read.1.tlog
c:\bolide\bolidecmd2017\windowsfwupdate\project\bolide\debug\cl.9340.write.1.tlog
c:\bolide\bolidecmd2017\windowsfwupdate\project\bolide\debug\cl.command.1.tlog
c:\bolide\bolidecmd2017\windowsfwupdate\project\bolide\debug\cl.read.1.tlog
c:\bolide\bolidecmd2017\windowsfwupdate\project\bolide\debug\cl.write.1.tlog
c:\bolide\bolidecmd2017\windowsfwupdate\project\bolide\debug\custombuild.command.1.tlog
c:\bolide\bolidecmd2017\windowsfwupdate\project\bolide\debug\custombuild.read.1.tlog
c:\bolide\bolidecmd2017\windowsfwupdate\project\bolide\debug\custombuild.write.1.tlog
c:\bolide\bolidecmd2017\windowsfwupdate\project\bolide\debug\link-cvtres.read.1.tlog
c:\bolide\bolidecmd2017\windowsfwupdate\project\bolide\debug\link-cvtres.write.1.tlog
c:\bolide\bolidecmd2017\windowsfwupdate\project\bolide\debug\link.command.1.tlog
c:\bolide\bolidecmd2017\windowsfwupdate\project\bolide\debug\link.read.1.tlog
c:\bolide\bolidecmd2017\windowsfwupdate\project\bolide\debug\link.write.1.tlog
c:\bolide\bolidecmd2017\windowsfwupdate\project\bolide\debug\mt.command.1.tlog
c:\bolide\bolidecmd2017\windowsfwupdate\project\bolide\debug\mt.read.1.tlog
c:\bolide\bolidecmd2017\windowsfwupdate\project\bolide\debug\mt.write.1.tlog
c:\bolide\bolidecmd2017\windowsfwupdate\project\bolide\debug\rc.command.1.tlog
c:\bolide\bolidecmd2017\windowsfwupdate\project\bolide\debug\rc.read.1.tlog
c:\bolide\bolidecmd2017\windowsfwupdate\project\bolide\debug\rc.write.1.tlog
